
*** Running vivado
    with args -log printeo.vds -m64 -product Vivado -mode batch -messageDb vivado.pb -notrace -source printeo.tcl


****** Vivado v2024.1 (64-bit)
  **** SW Build 5076996 on Wed May 22 18:36:09 MDT 2024
  **** IP Build 5075265 on Wed May 22 21:45:21 MDT 2024
  **** SharedData Build 5076995 on Wed May 22 18:29:18 MDT 2024
  **** Start of session at: Tue Aug 27 14:56:08 2024
    ** Copyright 1986-2022 Xilinx, Inc. All Rights Reserved.
    ** Copyright 2022-2024 Advanced Micro Devices, Inc. All Rights Reserved.

source printeo.tcl -notrace
create_project: Time (s): cpu = 00:00:06 ; elapsed = 00:00:06 . Memory (MB): peak = 1406.195 ; gain = 0.023 ; free physical = 5067 ; free virtual = 9440
Command: read_checkpoint -auto_incremental -incremental /home/lorenzo/Desktop/Labo_3/codigo/Taller_ALU/project_1.srcs/utils_1/imports/synth_1/sum_completo_bit_test.dcp
INFO: [Vivado 12-5825] Read reference checkpoint from /home/lorenzo/Desktop/Labo_3/codigo/Taller_ALU/project_1.srcs/utils_1/imports/synth_1/sum_completo_bit_test.dcp for incremental synthesis
INFO: [Vivado 12-7989] Please ensure there are no constraint changes
Command: synth_design -top printeo -part xc7s50csga324-1
Starting synth_design
Attempting to get a license for feature 'Synthesis' and/or device 'xc7s50'
INFO: [Common 17-349] Got license for feature 'Synthesis' and/or device 'xc7s50'
INFO: [Device 21-403] Loading part xc7s50csga324-1
INFO: [Device 21-9227] Part: xc7s50csga324-1 does not have CEAM library.
INFO: [Designutils 20-5440] No compile time benefit to using incremental synthesis; A full resynthesis will be run
INFO: [Designutils 20-4379] Flow is switching to default flow due to incremental criteria not met. If you would like to alter this behaviour and have the flow terminate instead, please set the following parameter config_implementation {autoIncr.Synth.RejectBehavior Terminate}
INFO: [Synth 8-7079] Multithreading enabled for synth_design using a maximum of 4 processes.
INFO: [Synth 8-7078] Launching helper process for spawning children vivado processes
INFO: [Synth 8-7075] Helper process launched with PID 5265
---------------------------------------------------------------------------------
Starting RTL Elaboration : Time (s): cpu = 00:00:04 ; elapsed = 00:00:04 . Memory (MB): peak = 2114.941 ; gain = 412.746 ; free physical = 4019 ; free virtual = 8396
---------------------------------------------------------------------------------
INFO: [Synth 8-638] synthesizing module 'printeo' [/home/lorenzo/Desktop/Labo_3/codigo/Taller_ALU/project_1.srcs/sources_1/new/printeo.vhd:62]
INFO: [Synth 8-638] synthesizing module 'alu_4bits' [/home/lorenzo/Desktop/Labo_3/codigo/Taller_ALU/project_1.srcs/sources_1/new/alu_4bits.vhd:45]
INFO: [Synth 8-638] synthesizing module 'MyS_2_C2' [/home/lorenzo/Desktop/Labo_3/codigo/Taller_ALU/project_1.srcs/sources_1/new/MyS_2_C2.vhd:11]
	Parameter N bound to: 4 - type: integer 
INFO: [Synth 8-256] done synthesizing module 'MyS_2_C2' (0#1) [/home/lorenzo/Desktop/Labo_3/codigo/Taller_ALU/project_1.srcs/sources_1/new/MyS_2_C2.vhd:11]
INFO: [Synth 8-638] synthesizing module 'calculadora_elemental' [/home/lorenzo/Desktop/Labo_3/codigo/Taller_ALU/project_1.srcs/sources_1/new/calculadora_elemental.vhd:46]
	Parameter N bound to: 4 - type: integer 
INFO: [Synth 8-256] done synthesizing module 'calculadora_elemental' (0#1) [/home/lorenzo/Desktop/Labo_3/codigo/Taller_ALU/project_1.srcs/sources_1/new/calculadora_elemental.vhd:46]
INFO: [Synth 8-638] synthesizing module 'MyS_2_C2__parameterized0' [/home/lorenzo/Desktop/Labo_3/codigo/Taller_ALU/project_1.srcs/sources_1/new/MyS_2_C2.vhd:11]
	Parameter N bound to: 5 - type: integer 
INFO: [Synth 8-256] done synthesizing module 'MyS_2_C2__parameterized0' (0#1) [/home/lorenzo/Desktop/Labo_3/codigo/Taller_ALU/project_1.srcs/sources_1/new/MyS_2_C2.vhd:11]
INFO: [Synth 8-256] done synthesizing module 'alu_4bits' (0#1) [/home/lorenzo/Desktop/Labo_3/codigo/Taller_ALU/project_1.srcs/sources_1/new/alu_4bits.vhd:45]
INFO: [Synth 8-638] synthesizing module 'cod_7_seg' [/home/lorenzo/Desktop/Labo_3/codigo/Taller_ALU/project_1.srcs/sources_1/imports/clase_4.srcs/sources_1/new/cod_7_seg.vhd:12]
INFO: [Synth 8-256] done synthesizing module 'cod_7_seg' (0#1) [/home/lorenzo/Desktop/Labo_3/codigo/Taller_ALU/project_1.srcs/sources_1/imports/clase_4.srcs/sources_1/new/cod_7_seg.vhd:12]
INFO: [Synth 8-638] synthesizing module 'disp_mux' [/home/lorenzo/Desktop/Labo_3/codigo/Taller_ALU/project_1.srcs/sources_1/imports/new/disp_mux.vhd:43]
INFO: [Synth 8-638] synthesizing module 'universal_bin_counter' [/home/lorenzo/Desktop/Labo_3/codigo/Taller_ALU/project_1.srcs/sources_1/imports/new/universal_bin_counter.vhd:44]
	Parameter N bound to: 13 - type: integer 
INFO: [Synth 8-256] done synthesizing module 'universal_bin_counter' (0#1) [/home/lorenzo/Desktop/Labo_3/codigo/Taller_ALU/project_1.srcs/sources_1/imports/new/universal_bin_counter.vhd:44]
INFO: [Synth 8-256] done synthesizing module 'disp_mux' (0#1) [/home/lorenzo/Desktop/Labo_3/codigo/Taller_ALU/project_1.srcs/sources_1/imports/new/disp_mux.vhd:43]
INFO: [Synth 8-256] done synthesizing module 'printeo' (0#1) [/home/lorenzo/Desktop/Labo_3/codigo/Taller_ALU/project_1.srcs/sources_1/new/printeo.vhd:62]
WARNING: [Synth 8-3917] design printeo has port enable_printeo driven by constant 1
---------------------------------------------------------------------------------
Finished RTL Elaboration : Time (s): cpu = 00:00:05 ; elapsed = 00:00:06 . Memory (MB): peak = 2191.879 ; gain = 489.684 ; free physical = 3928 ; free virtual = 8308
---------------------------------------------------------------------------------
---------------------------------------------------------------------------------
Start Handling Custom Attributes
---------------------------------------------------------------------------------
---------------------------------------------------------------------------------
Finished Handling Custom Attributes : Time (s): cpu = 00:00:05 ; elapsed = 00:00:06 . Memory (MB): peak = 2206.723 ; gain = 504.527 ; free physical = 3916 ; free virtual = 8296
---------------------------------------------------------------------------------
---------------------------------------------------------------------------------
Finished RTL Optimization Phase 1 : Time (s): cpu = 00:00:05 ; elapsed = 00:00:06 . Memory (MB): peak = 2206.723 ; gain = 504.527 ; free physical = 3916 ; free virtual = 8296
---------------------------------------------------------------------------------
Netlist sorting complete. Time (s): cpu = 00:00:00.01 ; elapsed = 00:00:00 . Memory (MB): peak = 2206.723 ; gain = 0.000 ; free physical = 3916 ; free virtual = 8296
INFO: [Project 1-570] Preparing netlist for logic optimization

Processing XDC Constraints
Initializing timing engine
Parsing XDC File [/home/lorenzo/Desktop/Labo_3/codigo/Taller_ALU/project_1.srcs/constrs_1/imports/IB-ED-Lab3_Clase03/boolean.xdc]
Finished Parsing XDC File [/home/lorenzo/Desktop/Labo_3/codigo/Taller_ALU/project_1.srcs/constrs_1/imports/IB-ED-Lab3_Clase03/boolean.xdc]
INFO: [Project 1-236] Implementation specific constraints were found while reading constraint file [/home/lorenzo/Desktop/Labo_3/codigo/Taller_ALU/project_1.srcs/constrs_1/imports/IB-ED-Lab3_Clase03/boolean.xdc]. These constraints will be ignored for synthesis but will be used in implementation. Impacted constraints are listed in the file [.Xil/printeo_propImpl.xdc].
Resolution: To avoid this warning, move constraints listed in [.Xil/printeo_propImpl.xdc] to another XDC file and exclude this new file from synthesis with the used_in_synthesis property (File Properties dialog in GUI) and re-run elaboration/synthesis.
Completed Processing XDC Constraints

Netlist sorting complete. Time (s): cpu = 00:00:00 ; elapsed = 00:00:00 . Memory (MB): peak = 2350.473 ; gain = 0.000 ; free physical = 3849 ; free virtual = 8230
INFO: [Project 1-111] Unisim Transformation Summary:
No Unisim elements were transformed.

Constraint Validation Runtime : Time (s): cpu = 00:00:00 ; elapsed = 00:00:00 . Memory (MB): peak = 2350.473 ; gain = 0.000 ; free physical = 3849 ; free virtual = 8230
INFO: [Designutils 20-5440] No compile time benefit to using incremental synthesis; A full resynthesis will be run
INFO: [Designutils 20-4379] Flow is switching to default flow due to incremental criteria not met. If you would like to alter this behaviour and have the flow terminate instead, please set the following parameter config_implementation {autoIncr.Synth.RejectBehavior Terminate}
---------------------------------------------------------------------------------
Finished Constraint Validation : Time (s): cpu = 00:00:11 ; elapsed = 00:00:11 . Memory (MB): peak = 2350.473 ; gain = 648.277 ; free physical = 3843 ; free virtual = 8224
---------------------------------------------------------------------------------
---------------------------------------------------------------------------------
Start Loading Part and Timing Information
---------------------------------------------------------------------------------
Loading part: xc7s50csga324-1
---------------------------------------------------------------------------------
Finished Loading Part and Timing Information : Time (s): cpu = 00:00:11 ; elapsed = 00:00:11 . Memory (MB): peak = 2358.477 ; gain = 656.281 ; free physical = 3843 ; free virtual = 8224
---------------------------------------------------------------------------------
---------------------------------------------------------------------------------
Start Applying 'set_property' XDC Constraints
---------------------------------------------------------------------------------
---------------------------------------------------------------------------------
Finished applying 'set_property' XDC Constraints : Time (s): cpu = 00:00:11 ; elapsed = 00:00:11 . Memory (MB): peak = 2358.477 ; gain = 656.281 ; free physical = 3843 ; free virtual = 8224
---------------------------------------------------------------------------------
---------------------------------------------------------------------------------
Finished RTL Optimization Phase 2 : Time (s): cpu = 00:00:11 ; elapsed = 00:00:12 . Memory (MB): peak = 2358.477 ; gain = 656.281 ; free physical = 3841 ; free virtual = 8224
---------------------------------------------------------------------------------
---------------------------------------------------------------------------------
Start RTL Component Statistics 
---------------------------------------------------------------------------------
Detailed RTL Component Info : 
+---Adders : 
	   2 Input   13 Bit       Adders := 2     
	   3 Input    8 Bit       Adders := 1     
	   2 Input    8 Bit       Adders := 1     
	   2 Input    4 Bit       Adders := 1     
	   2 Input    3 Bit       Adders := 2     
+---Registers : 
	               13 Bit    Registers := 2     
+---Muxes : 
	   2 Input   13 Bit        Muxes := 4     
	   4 Input    8 Bit        Muxes := 3     
	   2 Input    8 Bit        Muxes := 3     
	   2 Input    5 Bit        Muxes := 1     
	   2 Input    4 Bit        Muxes := 1     
	   4 Input    4 Bit        Muxes := 2     
	   2 Input    3 Bit        Muxes := 2     
	   2 Input    2 Bit        Muxes := 2     
	   2 Input    1 Bit        Muxes := 9     
---------------------------------------------------------------------------------
Finished RTL Component Statistics 
---------------------------------------------------------------------------------
---------------------------------------------------------------------------------
Start Part Resource Summary
---------------------------------------------------------------------------------
Part Resources:
DSPs: 120 (col length:60)
BRAMs: 150 (col length: RAMB18 60 RAMB36 30)
---------------------------------------------------------------------------------
Finished Part Resource Summary
---------------------------------------------------------------------------------
---------------------------------------------------------------------------------
Start Cross Boundary and Area Optimization
---------------------------------------------------------------------------------
WARNING: [Synth 8-7080] Parallel synthesis criteria is not met
WARNING: [Synth 8-3917] design printeo has port enable_printeo driven by constant 1
WARNING: [Synth 8-3917] design printeo has port sseg_0[7] driven by constant 1
WARNING: [Synth 8-3917] design printeo has port sseg_1[7] driven by constant 1
---------------------------------------------------------------------------------
Finished Cross Boundary and Area Optimization : Time (s): cpu = 00:00:13 ; elapsed = 00:00:13 . Memory (MB): peak = 2358.477 ; gain = 656.281 ; free physical = 3837 ; free virtual = 8225
---------------------------------------------------------------------------------
---------------------------------------------------------------------------------
Start Applying XDC Timing Constraints
---------------------------------------------------------------------------------
---------------------------------------------------------------------------------
Finished Applying XDC Timing Constraints : Time (s): cpu = 00:00:18 ; elapsed = 00:00:19 . Memory (MB): peak = 2358.477 ; gain = 656.281 ; free physical = 3829 ; free virtual = 8217
---------------------------------------------------------------------------------
---------------------------------------------------------------------------------
Start Timing Optimization
---------------------------------------------------------------------------------
---------------------------------------------------------------------------------
Finished Timing Optimization : Time (s): cpu = 00:00:19 ; elapsed = 00:00:20 . Memory (MB): peak = 2358.477 ; gain = 656.281 ; free physical = 3828 ; free virtual = 8216
---------------------------------------------------------------------------------
---------------------------------------------------------------------------------
Start Technology Mapping
---------------------------------------------------------------------------------
---------------------------------------------------------------------------------
Finished Technology Mapping : Time (s): cpu = 00:00:19 ; elapsed = 00:00:20 . Memory (MB): peak = 2358.477 ; gain = 656.281 ; free physical = 3828 ; free virtual = 8216
---------------------------------------------------------------------------------
---------------------------------------------------------------------------------
Start IO Insertion
---------------------------------------------------------------------------------
---------------------------------------------------------------------------------
Start Flattening Before IO Insertion
---------------------------------------------------------------------------------
---------------------------------------------------------------------------------
Finished Flattening Before IO Insertion
---------------------------------------------------------------------------------
---------------------------------------------------------------------------------
Start Final Netlist Cleanup
---------------------------------------------------------------------------------
---------------------------------------------------------------------------------
Finished Final Netlist Cleanup
---------------------------------------------------------------------------------
---------------------------------------------------------------------------------
Finished IO Insertion : Time (s): cpu = 00:00:23 ; elapsed = 00:00:23 . Memory (MB): peak = 2358.477 ; gain = 656.281 ; free physical = 3824 ; free virtual = 8212
---------------------------------------------------------------------------------
---------------------------------------------------------------------------------
Start Renaming Generated Instances
---------------------------------------------------------------------------------
---------------------------------------------------------------------------------
Finished Renaming Generated Instances : Time (s): cpu = 00:00:23 ; elapsed = 00:00:23 . Memory (MB): peak = 2358.477 ; gain = 656.281 ; free physical = 3824 ; free virtual = 8212
---------------------------------------------------------------------------------
---------------------------------------------------------------------------------
Start Rebuilding User Hierarchy
---------------------------------------------------------------------------------
---------------------------------------------------------------------------------
Finished Rebuilding User Hierarchy : Time (s): cpu = 00:00:23 ; elapsed = 00:00:23 . Memory (MB): peak = 2358.477 ; gain = 656.281 ; free physical = 3824 ; free virtual = 8212
---------------------------------------------------------------------------------
---------------------------------------------------------------------------------
Start Renaming Generated Ports
---------------------------------------------------------------------------------
---------------------------------------------------------------------------------
Finished Renaming Generated Ports : Time (s): cpu = 00:00:23 ; elapsed = 00:00:23 . Memory (MB): peak = 2358.477 ; gain = 656.281 ; free physical = 3824 ; free virtual = 8212
---------------------------------------------------------------------------------
---------------------------------------------------------------------------------
Start Handling Custom Attributes
---------------------------------------------------------------------------------
---------------------------------------------------------------------------------
Finished Handling Custom Attributes : Time (s): cpu = 00:00:23 ; elapsed = 00:00:23 . Memory (MB): peak = 2358.477 ; gain = 656.281 ; free physical = 3824 ; free virtual = 8212
---------------------------------------------------------------------------------
---------------------------------------------------------------------------------
Start Renaming Generated Nets
---------------------------------------------------------------------------------
---------------------------------------------------------------------------------
Finished Renaming Generated Nets : Time (s): cpu = 00:00:23 ; elapsed = 00:00:23 . Memory (MB): peak = 2358.477 ; gain = 656.281 ; free physical = 3824 ; free virtual = 8212
---------------------------------------------------------------------------------
---------------------------------------------------------------------------------
Start Writing Synthesis Report
---------------------------------------------------------------------------------

Report BlackBoxes: 
+-+--------------+----------+
| |BlackBox name |Instances |
+-+--------------+----------+
+-+--------------+----------+

Report Cell Usage: 
+------+-------+------+
|      |Cell   |Count |
+------+-------+------+
|1     |BUFG   |     1|
|2     |CARRY4 |     8|
|3     |LUT1   |     5|
|4     |LUT2   |    33|
|5     |LUT3   |    10|
|6     |LUT4   |     7|
|7     |LUT5   |    19|
|8     |LUT6   |    48|
|9     |FDCE   |    26|
|10    |IBUF   |    12|
|11    |OBUF   |    36|
+------+-------+------+
---------------------------------------------------------------------------------
Finished Writing Synthesis Report : Time (s): cpu = 00:00:23 ; elapsed = 00:00:23 . Memory (MB): peak = 2358.477 ; gain = 656.281 ; free physical = 3824 ; free virtual = 8212
---------------------------------------------------------------------------------
Synthesis finished with 0 errors, 0 critical warnings and 4 warnings.
Synthesis Optimization Runtime : Time (s): cpu = 00:00:21 ; elapsed = 00:00:22 . Memory (MB): peak = 2358.477 ; gain = 512.531 ; free physical = 3828 ; free virtual = 8215
Synthesis Optimization Complete : Time (s): cpu = 00:00:23 ; elapsed = 00:00:23 . Memory (MB): peak = 2358.484 ; gain = 656.281 ; free physical = 3828 ; free virtual = 8215
INFO: [Project 1-571] Translating synthesized netlist
Netlist sorting complete. Time (s): cpu = 00:00:00 ; elapsed = 00:00:00 . Memory (MB): peak = 2358.484 ; gain = 0.000 ; free physical = 3826 ; free virtual = 8215
INFO: [Netlist 29-17] Analyzing 8 Unisim elements for replacement
INFO: [Netlist 29-28] Unisim Transformation completed in 0 CPU seconds
INFO: [Project 1-570] Preparing netlist for logic optimization
INFO: [Opt 31-138] Pushed 0 inverter(s) to 0 load pin(s).
Netlist sorting complete. Time (s): cpu = 00:00:00 ; elapsed = 00:00:00 . Memory (MB): peak = 2414.504 ; gain = 0.000 ; free physical = 4123 ; free virtual = 8512
INFO: [Project 1-111] Unisim Transformation Summary:
No Unisim elements were transformed.

Synth Design complete | Checksum: 635a467b
INFO: [Common 17-83] Releasing license: Synthesis
38 Infos, 5 Warnings, 0 Critical Warnings and 0 Errors encountered.
synth_design completed successfully
synth_design: Time (s): cpu = 00:00:29 ; elapsed = 00:00:27 . Memory (MB): peak = 2414.504 ; gain = 1008.309 ; free physical = 4123 ; free virtual = 8512
INFO: [Common 17-2834] synth_design peak Physical Memory [PSS] (MB): overall = 1941.071; main = 1595.589; forked = 394.901
INFO: [Common 17-2834] synth_design peak Virtual Memory [VSS] (MB): overall = 3382.289; main = 2414.504; forked = 1023.812
Write ShapeDB Complete: Time (s): cpu = 00:00:00 ; elapsed = 00:00:00 . Memory (MB): peak = 2438.516 ; gain = 0.000 ; free physical = 4123 ; free virtual = 8512
INFO: [Common 17-1381] The checkpoint '/home/lorenzo/Desktop/Labo_3/codigo/Taller_ALU/project_1.runs/synth_1/printeo.dcp' has been generated.
INFO: [Vivado 12-24828] Executing command : report_utilization -file printeo_utilization_synth.rpt -pb printeo_utilization_synth.pb
INFO: [Common 17-206] Exiting Vivado at Tue Aug 27 14:56:45 2024...
