
*** Running vivado
    with args -log picoblaze_example_top.vds -m64 -product Vivado -mode batch -messageDb vivado.pb -notrace -source picoblaze_example_top.tcl


****** Vivado v2024.1 (64-bit)
  **** SW Build 5076996 on Wed May 22 18:36:09 MDT 2024
  **** IP Build 5075265 on Wed May 22 21:45:21 MDT 2024
  **** SharedData Build 5076995 on Wed May 22 18:29:18 MDT 2024
  **** Start of session at: Tue Oct  8 16:23:30 2024
    ** Copyright 1986-2022 Xilinx, Inc. All Rights Reserved.
    ** Copyright 2022-2024 Advanced Micro Devices, Inc. All Rights Reserved.

source picoblaze_example_top.tcl -notrace
create_project: Time (s): cpu = 00:00:06 ; elapsed = 00:00:06 . Memory (MB): peak = 1363.594 ; gain = 18.836 ; free physical = 1628 ; free virtual = 6985
Command: read_checkpoint -auto_incremental -incremental /home/lorenzo/Desktop/Labo_3/codigo/LEDS-Picoblaze/LEDS-Picoblaze.srcs/utils_1/imports/synth_1/picoblaze_example_top.dcp
INFO: [Vivado 12-5825] Read reference checkpoint from /home/lorenzo/Desktop/Labo_3/codigo/LEDS-Picoblaze/LEDS-Picoblaze.srcs/utils_1/imports/synth_1/picoblaze_example_top.dcp for incremental synthesis
INFO: [Vivado 12-7989] Please ensure there are no constraint changes
Command: synth_design -top picoblaze_example_top -part xc7s50csga324-1
Starting synth_design
Attempting to get a license for feature 'Synthesis' and/or device 'xc7s50'
INFO: [Common 17-349] Got license for feature 'Synthesis' and/or device 'xc7s50'
INFO: [Device 21-403] Loading part xc7s50csga324-1
INFO: [Device 21-9227] Part: xc7s50csga324-1 does not have CEAM library.
INFO: [Designutils 20-5440] No compile time benefit to using incremental synthesis; A full resynthesis will be run
INFO: [Designutils 20-4379] Flow is switching to default flow due to incremental criteria not met. If you would like to alter this behaviour and have the flow terminate instead, please set the following parameter config_implementation {autoIncr.Synth.RejectBehavior Terminate}
INFO: [Synth 8-7079] Multithreading enabled for synth_design using a maximum of 4 processes.
INFO: [Synth 8-7078] Launching helper process for spawning children vivado processes
INFO: [Synth 8-7075] Helper process launched with PID 100973
---------------------------------------------------------------------------------
Starting RTL Elaboration : Time (s): cpu = 00:00:04 ; elapsed = 00:00:04 . Memory (MB): peak = 2115.121 ; gain = 413.684 ; free physical = 509 ; free virtual = 5867
---------------------------------------------------------------------------------
INFO: [Synth 8-638] synthesizing module 'picoblaze_example_top' [/home/lorenzo/Desktop/Labo_3/codigo/LEDS-Picoblaze/LEDS-Picoblaze.srcs/sources_1/imports/src/picoblaze_example_top.vhd:32]
INFO: [Synth 8-638] synthesizing module 'kcpsm6' [/home/lorenzo/Desktop/Labo_3/codigo/LEDS-Picoblaze/LEDS-Picoblaze.srcs/sources_1/imports/src/kcpsm6.vhd:111]
	Parameter hwbuild bound to: 8'b00000000 
	Parameter interrupt_vector bound to: 12'b001111111111 
	Parameter scratch_pad_memory_size bound to: 64 - type: integer 
	Parameter INIT bound to: 64'b1111111111111111111101010101010100000000000000000000111011101110 
INFO: [Synth 8-113] binding component instance 'reset_lut' to cell 'LUT6_2' [/home/lorenzo/Desktop/Labo_3/codigo/LEDS-Picoblaze/LEDS-Picoblaze.srcs/sources_1/imports/src/kcpsm6.vhd:685]
INFO: [Synth 8-113] binding component instance 'run_flop' to cell 'FD' [/home/lorenzo/Desktop/Labo_3/codigo/LEDS-Picoblaze/LEDS-Picoblaze.srcs/sources_1/imports/src/kcpsm6.vhd:696]
INFO: [Synth 8-113] binding component instance 'internal_reset_flop' to cell 'FD' [/home/lorenzo/Desktop/Labo_3/codigo/LEDS-Picoblaze/LEDS-Picoblaze.srcs/sources_1/imports/src/kcpsm6.vhd:701]
INFO: [Synth 8-113] binding component instance 'sync_sleep_flop' to cell 'FD' [/home/lorenzo/Desktop/Labo_3/codigo/LEDS-Picoblaze/LEDS-Picoblaze.srcs/sources_1/imports/src/kcpsm6.vhd:706]
	Parameter INIT bound to: 64'b0000000010000011000000000000101100000000110001000000000001001100 
INFO: [Synth 8-113] binding component instance 't_state_lut' to cell 'LUT6_2' [/home/lorenzo/Desktop/Labo_3/codigo/LEDS-Picoblaze/LEDS-Picoblaze.srcs/sources_1/imports/src/kcpsm6.vhd:711]
INFO: [Synth 8-113] binding component instance 't_state1_flop' to cell 'FD' [/home/lorenzo/Desktop/Labo_3/codigo/LEDS-Picoblaze/LEDS-Picoblaze.srcs/sources_1/imports/src/kcpsm6.vhd:722]
INFO: [Synth 8-113] binding component instance 't_state2_flop' to cell 'FD' [/home/lorenzo/Desktop/Labo_3/codigo/LEDS-Picoblaze/LEDS-Picoblaze.srcs/sources_1/imports/src/kcpsm6.vhd:727]
	Parameter INIT bound to: 64'b0000000000010000000000000000000000000000000000000000100000000000 
INFO: [Synth 8-113] binding component instance 'int_enable_type_lut' to cell 'LUT6_2' [/home/lorenzo/Desktop/Labo_3/codigo/LEDS-Picoblaze/LEDS-Picoblaze.srcs/sources_1/imports/src/kcpsm6.vhd:733]
	Parameter INIT bound to: 64'b0000000000000000000000000000000000000000000000001100101010101010 
INFO: [Synth 8-113] binding component instance 'interrupt_enable_lut' to cell 'LUT6' [/home/lorenzo/Desktop/Labo_3/codigo/LEDS-Picoblaze/LEDS-Picoblaze.srcs/sources_1/imports/src/kcpsm6.vhd:744]
INFO: [Synth 8-113] binding component instance 'interrupt_enable_flop' to cell 'FD' [/home/lorenzo/Desktop/Labo_3/codigo/LEDS-Picoblaze/LEDS-Picoblaze.srcs/sources_1/imports/src/kcpsm6.vhd:754]
INFO: [Synth 8-113] binding component instance 'sync_interrupt_flop' to cell 'FD' [/home/lorenzo/Desktop/Labo_3/codigo/LEDS-Picoblaze/LEDS-Picoblaze.srcs/sources_1/imports/src/kcpsm6.vhd:759]
	Parameter INIT bound to: 64'b1100110000110011111111110000000010000000100000001000000010000000 
INFO: [Synth 8-113] binding component instance 'active_interrupt_lut' to cell 'LUT6_2' [/home/lorenzo/Desktop/Labo_3/codigo/LEDS-Picoblaze/LEDS-Picoblaze.srcs/sources_1/imports/src/kcpsm6.vhd:764]
INFO: [Synth 8-113] binding component instance 'active_interrupt_flop' to cell 'FD' [/home/lorenzo/Desktop/Labo_3/codigo/LEDS-Picoblaze/LEDS-Picoblaze.srcs/sources_1/imports/src/kcpsm6.vhd:775]
INFO: [Synth 8-113] binding component instance 'interrupt_ack_flop' to cell 'FD' [/home/lorenzo/Desktop/Labo_3/codigo/LEDS-Picoblaze/LEDS-Picoblaze.srcs/sources_1/imports/src/kcpsm6.vhd:780]
	Parameter INIT bound to: 64'b0101101000111100111111111111111100000000000000000000000000000000 
INFO: [Synth 8-113] binding component instance 'pc_move_is_valid_lut' to cell 'LUT6' [/home/lorenzo/Desktop/Labo_3/codigo/LEDS-Picoblaze/LEDS-Picoblaze.srcs/sources_1/imports/src/kcpsm6.vhd:804]
	Parameter INIT bound to: 64'b0111011101110111000000100111011100000000000000000000001000000000 
INFO: [Synth 8-113] binding component instance 'move_type_lut' to cell 'LUT6_2' [/home/lorenzo/Desktop/Labo_3/codigo/LEDS-Picoblaze/LEDS-Picoblaze.srcs/sources_1/imports/src/kcpsm6.vhd:814]
	Parameter INIT bound to: 64'b0000000000000000111100000000000000000000000000000010001111111111 
INFO: [Synth 8-113] binding component instance 'pc_mode1_lut' to cell 'LUT6_2' [/home/lorenzo/Desktop/Labo_3/codigo/LEDS-Picoblaze/LEDS-Picoblaze.srcs/sources_1/imports/src/kcpsm6.vhd:825]
	Parameter INIT bound to: 64'b1111111111111111111111111111111100000000000001000000000000000000 
INFO: [Synth 8-113] binding component instance 'pc_mode2_lut' to cell 'LUT6' [/home/lorenzo/Desktop/Labo_3/codigo/LEDS-Picoblaze/LEDS-Picoblaze.srcs/sources_1/imports/src/kcpsm6.vhd:836]
	Parameter INIT bound to: 64'b1111111111111111000100000000000000000000000000000010000000000000 
INFO: [Synth 8-113] binding component instance 'push_pop_lut' to cell 'LUT6_2' [/home/lorenzo/Desktop/Labo_3/codigo/LEDS-Picoblaze/LEDS-Picoblaze.srcs/sources_1/imports/src/kcpsm6.vhd:846]
	Parameter INIT bound to: 64'b0000001111001010000000000000000000000100001000000000000000000000 
INFO: [Synth 8-113] binding component instance 'alu_decode0_lut' to cell 'LUT6_2' [/home/lorenzo/Desktop/Labo_3/codigo/LEDS-Picoblaze/LEDS-Picoblaze.srcs/sources_1/imports/src/kcpsm6.vhd:861]
INFO: [Synth 8-113] binding component instance 'alu_mux_sel0_flop' to cell 'FD' [/home/lorenzo/Desktop/Labo_3/codigo/LEDS-Picoblaze/LEDS-Picoblaze.srcs/sources_1/imports/src/kcpsm6.vhd:872]
	Parameter INIT bound to: 64'b0111011100001000000000000000000000000000000000000000111100000000 
INFO: [Synth 8-113] binding component instance 'alu_decode1_lut' to cell 'LUT6_2' [/home/lorenzo/Desktop/Labo_3/codigo/LEDS-Picoblaze/LEDS-Picoblaze.srcs/sources_1/imports/src/kcpsm6.vhd:877]
INFO: [Synth 8-113] binding component instance 'alu_mux_sel1_flop' to cell 'FD' [/home/lorenzo/Desktop/Labo_3/codigo/LEDS-Picoblaze/LEDS-Picoblaze.srcs/sources_1/imports/src/kcpsm6.vhd:888]
	Parameter INIT bound to: 64'b1101000000000000000000000000000000000010000000000000000000000000 
INFO: [Synth 8-113] binding component instance 'alu_decode2_lut' to cell 'LUT6_2' [/home/lorenzo/Desktop/Labo_3/codigo/LEDS-Picoblaze/LEDS-Picoblaze.srcs/sources_1/imports/src/kcpsm6.vhd:894]
	Parameter INIT bound to: 64'b0000000000000001001111110011111100000000000100001111011111001110 
INFO: [Synth 8-113] binding component instance 'register_enable_type_lut' to cell 'LUT6_2' [/home/lorenzo/Desktop/Labo_3/codigo/LEDS-Picoblaze/LEDS-Picoblaze.srcs/sources_1/imports/src/kcpsm6.vhd:909]
	Parameter INIT bound to: 64'b1100000011001100000000000000000010100000101010100000000000000000 
INFO: [Synth 8-113] binding component instance 'register_enable_lut' to cell 'LUT6_2' [/home/lorenzo/Desktop/Labo_3/codigo/LEDS-Picoblaze/LEDS-Picoblaze.srcs/sources_1/imports/src/kcpsm6.vhd:920]
INFO: [Synth 8-113] binding component instance 'flag_enable_flop' to cell 'FDR' [/home/lorenzo/Desktop/Labo_3/codigo/LEDS-Picoblaze/LEDS-Picoblaze.srcs/sources_1/imports/src/kcpsm6.vhd:931]
INFO: [Synth 8-113] binding component instance 'register_enable_flop' to cell 'FDR' [/home/lorenzo/Desktop/Labo_3/codigo/LEDS-Picoblaze/LEDS-Picoblaze.srcs/sources_1/imports/src/kcpsm6.vhd:937]
	Parameter INIT bound to: 64'b1000000000000000000000000000000000100000000000000000000000000000 
INFO: [Synth 8-113] binding component instance 'spm_enable_lut' to cell 'LUT6_2' [/home/lorenzo/Desktop/Labo_3/codigo/LEDS-Picoblaze/LEDS-Picoblaze.srcs/sources_1/imports/src/kcpsm6.vhd:943]
INFO: [Synth 8-113] binding component instance 'k_write_strobe_flop' to cell 'FDR' [/home/lorenzo/Desktop/Labo_3/codigo/LEDS-Picoblaze/LEDS-Picoblaze.srcs/sources_1/imports/src/kcpsm6.vhd:954]
INFO: [Synth 8-113] binding component instance 'spm_enable_flop' to cell 'FDR' [/home/lorenzo/Desktop/Labo_3/codigo/LEDS-Picoblaze/LEDS-Picoblaze.srcs/sources_1/imports/src/kcpsm6.vhd:960]
	Parameter INIT bound to: 64'b0100000000000000000000000000000000000001000000000000000000000000 
INFO: [Synth 8-113] binding component instance 'read_strobe_lut' to cell 'LUT6_2' [/home/lorenzo/Desktop/Labo_3/codigo/LEDS-Picoblaze/LEDS-Picoblaze.srcs/sources_1/imports/src/kcpsm6.vhd:966]
INFO: [Synth 8-113] binding component instance 'write_strobe_flop' to cell 'FDR' [/home/lorenzo/Desktop/Labo_3/codigo/LEDS-Picoblaze/LEDS-Picoblaze.srcs/sources_1/imports/src/kcpsm6.vhd:977]
INFO: [Synth 8-113] binding component instance 'read_strobe_flop' to cell 'FDR' [/home/lorenzo/Desktop/Labo_3/codigo/LEDS-Picoblaze/LEDS-Picoblaze.srcs/sources_1/imports/src/kcpsm6.vhd:983]
	Parameter INIT bound to: 64'b0000000010000000000000100000000000000000000000000000000000000000 
INFO: [Synth 8-113] binding component instance 'regbank_type_lut' to cell 'LUT6' [/home/lorenzo/Desktop/Labo_3/codigo/LEDS-Picoblaze/LEDS-Picoblaze.srcs/sources_1/imports/src/kcpsm6.vhd:1001]
	Parameter INIT bound to: 64'b1010110010101100111111110000000011111111000000001111111100000000 
INFO: [Synth 8-113] binding component instance 'bank_lut' to cell 'LUT6' [/home/lorenzo/Desktop/Labo_3/codigo/LEDS-Picoblaze/LEDS-Picoblaze.srcs/sources_1/imports/src/kcpsm6.vhd:1011]
INFO: [Synth 8-113] binding component instance 'bank_flop' to cell 'FDR' [/home/lorenzo/Desktop/Labo_3/codigo/LEDS-Picoblaze/LEDS-Picoblaze.srcs/sources_1/imports/src/kcpsm6.vhd:1021]
INFO: [Synth 8-113] binding component instance 'sx_addr4_flop' to cell 'FD' [/home/lorenzo/Desktop/Labo_3/codigo/LEDS-Picoblaze/LEDS-Picoblaze.srcs/sources_1/imports/src/kcpsm6.vhd:1027]
INFO: [Synth 8-113] binding component instance 'arith_carry_xorcy' to cell 'XORCY' [/home/lorenzo/Desktop/Labo_3/codigo/LEDS-Picoblaze/LEDS-Picoblaze.srcs/sources_1/imports/src/kcpsm6.vhd:1051]
INFO: [Synth 8-113] binding component instance 'arith_carry_flop' to cell 'FD' [/home/lorenzo/Desktop/Labo_3/codigo/LEDS-Picoblaze/LEDS-Picoblaze.srcs/sources_1/imports/src/kcpsm6.vhd:1056]
	Parameter INIT bound to: 64'b0000000000000000000000000000000010000111011110000000000000000000 
INFO: [Synth 8-113] binding component instance 'lower_parity_lut' to cell 'LUT6_2' [/home/lorenzo/Desktop/Labo_3/codigo/LEDS-Picoblaze/LEDS-Picoblaze.srcs/sources_1/imports/src/kcpsm6.vhd:1061]
INFO: [Synth 8-113] binding component instance 'parity_muxcy' to cell 'MUXCY' [/home/lorenzo/Desktop/Labo_3/codigo/LEDS-Picoblaze/LEDS-Picoblaze.srcs/sources_1/imports/src/kcpsm6.vhd:1072]
	Parameter INIT bound to: 64'b0110100110010110100101100110100110010110011010010110100110010110 
INFO: [Synth 8-113] binding component instance 'upper_parity_lut' to cell 'LUT6' [/home/lorenzo/Desktop/Labo_3/codigo/LEDS-Picoblaze/LEDS-Picoblaze.srcs/sources_1/imports/src/kcpsm6.vhd:1078]
INFO: [Synth 8-113] binding component instance 'parity_xorcy' to cell 'XORCY' [/home/lorenzo/Desktop/Labo_3/codigo/LEDS-Picoblaze/LEDS-Picoblaze.srcs/sources_1/imports/src/kcpsm6.vhd:1088]
	Parameter INIT bound to: 64'b1111111111111111101010101100110011110000111100001111000011110000 
INFO: [Synth 8-113] binding component instance 'shift_carry_lut' to cell 'LUT6' [/home/lorenzo/Desktop/Labo_3/codigo/LEDS-Picoblaze/LEDS-Picoblaze.srcs/sources_1/imports/src/kcpsm6.vhd:1093]
INFO: [Synth 8-113] binding component instance 'shift_carry_flop' to cell 'FD' [/home/lorenzo/Desktop/Labo_3/codigo/LEDS-Picoblaze/LEDS-Picoblaze.srcs/sources_1/imports/src/kcpsm6.vhd:1103]
	Parameter INIT bound to: 64'b0011001100110011101010101100110011110000101010100000000000000000 
INFO: [Synth 8-113] binding component instance 'carry_flag_lut' to cell 'LUT6_2' [/home/lorenzo/Desktop/Labo_3/codigo/LEDS-Picoblaze/LEDS-Picoblaze.srcs/sources_1/imports/src/kcpsm6.vhd:1108]
INFO: [Synth 8-113] binding component instance 'carry_flag_flop' to cell 'FDRE' [/home/lorenzo/Desktop/Labo_3/codigo/LEDS-Picoblaze/LEDS-Picoblaze.srcs/sources_1/imports/src/kcpsm6.vhd:1119]
INFO: [Synth 8-113] binding component instance 'init_zero_muxcy' to cell 'MUXCY' [/home/lorenzo/Desktop/Labo_3/codigo/LEDS-Picoblaze/LEDS-Picoblaze.srcs/sources_1/imports/src/kcpsm6.vhd:1126]
	Parameter INIT bound to: 64'b1010001010000000000000000000000000000000111100000000000011110000 
INFO: [Synth 8-113] binding component instance 'use_zero_flag_lut' to cell 'LUT6_2' [/home/lorenzo/Desktop/Labo_3/codigo/LEDS-Picoblaze/LEDS-Picoblaze.srcs/sources_1/imports/src/kcpsm6.vhd:1132]
INFO: [Synth 8-113] binding component instance 'use_zero_flag_flop' to cell 'FD' [/home/lorenzo/Desktop/Labo_3/codigo/LEDS-Picoblaze/LEDS-Picoblaze.srcs/sources_1/imports/src/kcpsm6.vhd:1143]
	Parameter INIT bound to: 64'b0000000000000000000000000000000000000000000000000000000000000001 
INFO: [Synth 8-113] binding component instance 'lower_zero_lut' to cell 'LUT6_2' [/home/lorenzo/Desktop/Labo_3/codigo/LEDS-Picoblaze/LEDS-Picoblaze.srcs/sources_1/imports/src/kcpsm6.vhd:1148]
INFO: [Synth 8-113] binding component instance 'lower_zero_muxcy' to cell 'MUXCY' [/home/lorenzo/Desktop/Labo_3/codigo/LEDS-Picoblaze/LEDS-Picoblaze.srcs/sources_1/imports/src/kcpsm6.vhd:1159]
	Parameter INIT bound to: 64'b0000000000000000000000000000110100000000000000000000000000000000 
INFO: [Synth 8-113] binding component instance 'middle_zero_lut' to cell 'LUT6_2' [/home/lorenzo/Desktop/Labo_3/codigo/LEDS-Picoblaze/LEDS-Picoblaze.srcs/sources_1/imports/src/kcpsm6.vhd:1165]
INFO: [Synth 8-113] binding component instance 'middle_zero_muxcy' to cell 'MUXCY' [/home/lorenzo/Desktop/Labo_3/codigo/LEDS-Picoblaze/LEDS-Picoblaze.srcs/sources_1/imports/src/kcpsm6.vhd:1176]
	Parameter INIT bound to: 64'b1111101111111111000000000000000000000000000000000000000000000000 
INFO: [Synth 8-113] binding component instance 'upper_zero_lut' to cell 'LUT6' [/home/lorenzo/Desktop/Labo_3/codigo/LEDS-Picoblaze/LEDS-Picoblaze.srcs/sources_1/imports/src/kcpsm6.vhd:1182]
INFO: [Synth 8-113] binding component instance 'upper_zero_muxcy' to cell 'MUXCY' [/home/lorenzo/Desktop/Labo_3/codigo/LEDS-Picoblaze/LEDS-Picoblaze.srcs/sources_1/imports/src/kcpsm6.vhd:1192]
INFO: [Synth 8-113] binding component instance 'zero_flag_flop' to cell 'FDRE' [/home/lorenzo/Desktop/Labo_3/codigo/LEDS-Picoblaze/LEDS-Picoblaze.srcs/sources_1/imports/src/kcpsm6.vhd:1198]
INFO: [Synth 8-113] binding component instance 'return_vector_flop' to cell 'FD' [/home/lorenzo/Desktop/Labo_3/codigo/LEDS-Picoblaze/LEDS-Picoblaze.srcs/sources_1/imports/src/kcpsm6.vhd:1249]
	Parameter INIT bound to: 64'b1111111100000000111100001111000011001100110011001010101010101010 
INFO: [Synth 8-113] binding component instance 'pc_vector_mux_lut' to cell 'LUT6_2' [/home/lorenzo/Desktop/Labo_3/codigo/LEDS-Picoblaze/LEDS-Picoblaze.srcs/sources_1/imports/src/kcpsm6.vhd:1264]
INFO: [Synth 8-113] binding component instance 'pc_flop' to cell 'FDRE' [/home/lorenzo/Desktop/Labo_3/codigo/LEDS-Picoblaze/LEDS-Picoblaze.srcs/sources_1/imports/src/kcpsm6.vhd:1309]
	Parameter INIT bound to: 64'b0000000010101010000000001111111100110011110011000000111100000000 
INFO: [Synth 8-113] binding component instance 'pc_lut' to cell 'LUT6' [/home/lorenzo/Desktop/Labo_3/codigo/LEDS-Picoblaze/LEDS-Picoblaze.srcs/sources_1/imports/src/kcpsm6.vhd:1350]
INFO: [Synth 8-113] binding component instance 'pc_xorcy' to cell 'XORCY' [/home/lorenzo/Desktop/Labo_3/codigo/LEDS-Picoblaze/LEDS-Picoblaze.srcs/sources_1/imports/src/kcpsm6.vhd:1366]
INFO: [Synth 8-113] binding component instance 'pc_muxcy' to cell 'MUXCY' [/home/lorenzo/Desktop/Labo_3/codigo/LEDS-Picoblaze/LEDS-Picoblaze.srcs/sources_1/imports/src/kcpsm6.vhd:1371]
INFO: [Synth 8-113] binding component instance 'return_vector_flop' to cell 'FD' [/home/lorenzo/Desktop/Labo_3/codigo/LEDS-Picoblaze/LEDS-Picoblaze.srcs/sources_1/imports/src/kcpsm6.vhd:1249]
INFO: [Synth 8-113] binding component instance 'pc_flop' to cell 'FDRE' [/home/lorenzo/Desktop/Labo_3/codigo/LEDS-Picoblaze/LEDS-Picoblaze.srcs/sources_1/imports/src/kcpsm6.vhd:1309]
	Parameter INIT bound to: 64'b0000000010101010000000001111111111001100110011001111000000000000 
INFO: [Synth 8-113] binding component instance 'pc_lut' to cell 'LUT6' [/home/lorenzo/Desktop/Labo_3/codigo/LEDS-Picoblaze/LEDS-Picoblaze.srcs/sources_1/imports/src/kcpsm6.vhd:1411]
INFO: [Synth 8-113] binding component instance 'pc_xorcy' to cell 'XORCY' [/home/lorenzo/Desktop/Labo_3/codigo/LEDS-Picoblaze/LEDS-Picoblaze.srcs/sources_1/imports/src/kcpsm6.vhd:1426]
INFO: [Synth 8-113] binding component instance 'pc_muxcy' to cell 'MUXCY' [/home/lorenzo/Desktop/Labo_3/codigo/LEDS-Picoblaze/LEDS-Picoblaze.srcs/sources_1/imports/src/kcpsm6.vhd:1440]
INFO: [Synth 8-113] binding component instance 'return_vector_flop' to cell 'FD' [/home/lorenzo/Desktop/Labo_3/codigo/LEDS-Picoblaze/LEDS-Picoblaze.srcs/sources_1/imports/src/kcpsm6.vhd:1249]
	Parameter INIT bound to: 64'b1111111100000000111100001111000011001100110011001010101010101010 
INFO: [Synth 8-113] binding component instance 'pc_vector_mux_lut' to cell 'LUT6_2' [/home/lorenzo/Desktop/Labo_3/codigo/LEDS-Picoblaze/LEDS-Picoblaze.srcs/sources_1/imports/src/kcpsm6.vhd:1264]
INFO: [Synth 8-113] binding component instance 'pc_flop' to cell 'FDRE' [/home/lorenzo/Desktop/Labo_3/codigo/LEDS-Picoblaze/LEDS-Picoblaze.srcs/sources_1/imports/src/kcpsm6.vhd:1309]
	Parameter INIT bound to: 64'b0000000010101010000000001111111111001100110011001111000000000000 
INFO: [Synth 8-113] binding component instance 'pc_lut' to cell 'LUT6' [/home/lorenzo/Desktop/Labo_3/codigo/LEDS-Picoblaze/LEDS-Picoblaze.srcs/sources_1/imports/src/kcpsm6.vhd:1411]
INFO: [Synth 8-113] binding component instance 'pc_xorcy' to cell 'XORCY' [/home/lorenzo/Desktop/Labo_3/codigo/LEDS-Picoblaze/LEDS-Picoblaze.srcs/sources_1/imports/src/kcpsm6.vhd:1426]
INFO: [Synth 8-113] binding component instance 'pc_muxcy' to cell 'MUXCY' [/home/lorenzo/Desktop/Labo_3/codigo/LEDS-Picoblaze/LEDS-Picoblaze.srcs/sources_1/imports/src/kcpsm6.vhd:1440]
INFO: [Synth 8-113] binding component instance 'return_vector_flop' to cell 'FD' [/home/lorenzo/Desktop/Labo_3/codigo/LEDS-Picoblaze/LEDS-Picoblaze.srcs/sources_1/imports/src/kcpsm6.vhd:1249]
INFO: [Synth 8-113] binding component instance 'pc_flop' to cell 'FDRE' [/home/lorenzo/Desktop/Labo_3/codigo/LEDS-Picoblaze/LEDS-Picoblaze.srcs/sources_1/imports/src/kcpsm6.vhd:1309]
	Parameter INIT bound to: 64'b0000000010101010000000001111111111001100110011001111000000000000 
INFO: [Synth 8-113] binding component instance 'pc_lut' to cell 'LUT6' [/home/lorenzo/Desktop/Labo_3/codigo/LEDS-Picoblaze/LEDS-Picoblaze.srcs/sources_1/imports/src/kcpsm6.vhd:1411]
INFO: [Synth 8-113] binding component instance 'pc_xorcy' to cell 'XORCY' [/home/lorenzo/Desktop/Labo_3/codigo/LEDS-Picoblaze/LEDS-Picoblaze.srcs/sources_1/imports/src/kcpsm6.vhd:1426]
INFO: [Synth 8-113] binding component instance 'pc_muxcy' to cell 'MUXCY' [/home/lorenzo/Desktop/Labo_3/codigo/LEDS-Picoblaze/LEDS-Picoblaze.srcs/sources_1/imports/src/kcpsm6.vhd:1440]
INFO: [Synth 8-113] binding component instance 'return_vector_flop' to cell 'FD' [/home/lorenzo/Desktop/Labo_3/codigo/LEDS-Picoblaze/LEDS-Picoblaze.srcs/sources_1/imports/src/kcpsm6.vhd:1249]
	Parameter INIT bound to: 64'b1111111100000000111100001111000011001100110011001010101010101010 
INFO: [Synth 8-113] binding component instance 'pc_vector_mux_lut' to cell 'LUT6_2' [/home/lorenzo/Desktop/Labo_3/codigo/LEDS-Picoblaze/LEDS-Picoblaze.srcs/sources_1/imports/src/kcpsm6.vhd:1264]
INFO: [Synth 8-113] binding component instance 'pc_flop' to cell 'FDRE' [/home/lorenzo/Desktop/Labo_3/codigo/LEDS-Picoblaze/LEDS-Picoblaze.srcs/sources_1/imports/src/kcpsm6.vhd:1309]
	Parameter INIT bound to: 64'b0000000010101010000000001111111111001100110011001111000000000000 
INFO: [Synth 8-113] binding component instance 'pc_lut' to cell 'LUT6' [/home/lorenzo/Desktop/Labo_3/codigo/LEDS-Picoblaze/LEDS-Picoblaze.srcs/sources_1/imports/src/kcpsm6.vhd:1411]
INFO: [Synth 8-113] binding component instance 'pc_xorcy' to cell 'XORCY' [/home/lorenzo/Desktop/Labo_3/codigo/LEDS-Picoblaze/LEDS-Picoblaze.srcs/sources_1/imports/src/kcpsm6.vhd:1426]
INFO: [Synth 8-113] binding component instance 'pc_muxcy' to cell 'MUXCY' [/home/lorenzo/Desktop/Labo_3/codigo/LEDS-Picoblaze/LEDS-Picoblaze.srcs/sources_1/imports/src/kcpsm6.vhd:1440]
INFO: [Synth 8-113] binding component instance 'return_vector_flop' to cell 'FD' [/home/lorenzo/Desktop/Labo_3/codigo/LEDS-Picoblaze/LEDS-Picoblaze.srcs/sources_1/imports/src/kcpsm6.vhd:1249]
INFO: [Synth 8-113] binding component instance 'pc_flop' to cell 'FDRE' [/home/lorenzo/Desktop/Labo_3/codigo/LEDS-Picoblaze/LEDS-Picoblaze.srcs/sources_1/imports/src/kcpsm6.vhd:1309]
	Parameter INIT bound to: 64'b0000000010101010000000001111111111001100110011001111000000000000 
INFO: [Synth 8-113] binding component instance 'pc_lut' to cell 'LUT6' [/home/lorenzo/Desktop/Labo_3/codigo/LEDS-Picoblaze/LEDS-Picoblaze.srcs/sources_1/imports/src/kcpsm6.vhd:1411]
INFO: [Synth 8-113] binding component instance 'pc_xorcy' to cell 'XORCY' [/home/lorenzo/Desktop/Labo_3/codigo/LEDS-Picoblaze/LEDS-Picoblaze.srcs/sources_1/imports/src/kcpsm6.vhd:1426]
INFO: [Synth 8-113] binding component instance 'pc_muxcy' to cell 'MUXCY' [/home/lorenzo/Desktop/Labo_3/codigo/LEDS-Picoblaze/LEDS-Picoblaze.srcs/sources_1/imports/src/kcpsm6.vhd:1440]
INFO: [Synth 8-113] binding component instance 'return_vector_flop' to cell 'FD' [/home/lorenzo/Desktop/Labo_3/codigo/LEDS-Picoblaze/LEDS-Picoblaze.srcs/sources_1/imports/src/kcpsm6.vhd:1249]
	Parameter INIT bound to: 64'b1111111100000000111100001111000011001100110011001010101010101010 
INFO: [Synth 8-113] binding component instance 'pc_vector_mux_lut' to cell 'LUT6_2' [/home/lorenzo/Desktop/Labo_3/codigo/LEDS-Picoblaze/LEDS-Picoblaze.srcs/sources_1/imports/src/kcpsm6.vhd:1264]
INFO: [Synth 8-113] binding component instance 'pc_flop' to cell 'FDRE' [/home/lorenzo/Desktop/Labo_3/codigo/LEDS-Picoblaze/LEDS-Picoblaze.srcs/sources_1/imports/src/kcpsm6.vhd:1309]
	Parameter INIT bound to: 64'b0000000010101010000000001111111111001100110011001111000000000000 
INFO: [Synth 8-113] binding component instance 'pc_lut' to cell 'LUT6' [/home/lorenzo/Desktop/Labo_3/codigo/LEDS-Picoblaze/LEDS-Picoblaze.srcs/sources_1/imports/src/kcpsm6.vhd:1411]
INFO: [Synth 8-113] binding component instance 'pc_xorcy' to cell 'XORCY' [/home/lorenzo/Desktop/Labo_3/codigo/LEDS-Picoblaze/LEDS-Picoblaze.srcs/sources_1/imports/src/kcpsm6.vhd:1426]
INFO: [Synth 8-113] binding component instance 'pc_muxcy' to cell 'MUXCY' [/home/lorenzo/Desktop/Labo_3/codigo/LEDS-Picoblaze/LEDS-Picoblaze.srcs/sources_1/imports/src/kcpsm6.vhd:1440]
INFO: [Synth 8-113] binding component instance 'return_vector_flop' to cell 'FD' [/home/lorenzo/Desktop/Labo_3/codigo/LEDS-Picoblaze/LEDS-Picoblaze.srcs/sources_1/imports/src/kcpsm6.vhd:1249]
INFO: [Synth 8-113] binding component instance 'pc_flop' to cell 'FDRE' [/home/lorenzo/Desktop/Labo_3/codigo/LEDS-Picoblaze/LEDS-Picoblaze.srcs/sources_1/imports/src/kcpsm6.vhd:1309]
	Parameter INIT bound to: 64'b0000000010101010000000001111111111001100110011001111000000000000 
INFO: [Synth 8-113] binding component instance 'pc_lut' to cell 'LUT6' [/home/lorenzo/Desktop/Labo_3/codigo/LEDS-Picoblaze/LEDS-Picoblaze.srcs/sources_1/imports/src/kcpsm6.vhd:1411]
INFO: [Common 17-14] Message 'Synth 8-113' appears 100 times and further instances of the messages will be disabled. Use the Tcl command set_msg_config to change the current settings.
	Parameter INIT bound to: 64'b1111111100000000111100001111000011001100110011001010101010101010 
	Parameter INIT bound to: 64'b0000000010101010000000001111111111001100110011001111000000000000 
	Parameter INIT bound to: 64'b0000000010101010000000001111111111001100110011001111000000000000 
	Parameter INIT bound to: 64'b1111111100000000111100001111000011001100110011001010101010101010 
	Parameter INIT bound to: 64'b0000000010101010000000000000000011001100110011001111000000000000 
	Parameter INIT bound to: 64'b0000000010101010000000000000000011001100110011001111000000000000 
	Parameter INIT_A bound to: 64'b0000000000000000000000000000000000000000000000000000000000000000 
	Parameter INIT_B bound to: 64'b0000000000000000000000000000000000000000000000000000000000000000 
	Parameter INIT_C bound to: 64'b0000000000000000000000000000000000000000000000000000000000000000 
	Parameter INIT_D bound to: 64'b0000000000000000000000000000000000000000000000000000000000000000 
	Parameter INIT_A bound to: 64'b0000000000000000000000000000000000000000000000000000000000000000 
	Parameter INIT_B bound to: 64'b0000000000000000000000000000000000000000000000000000000000000000 
	Parameter INIT_C bound to: 64'b0000000000000000000000000000000000000000000000000000000000000000 
	Parameter INIT_D bound to: 64'b0000000000000000000000000000000000000000000000000000000000000000 
	Parameter INIT bound to: 64'b0000000000010101001010011010101010101010101010101010101010101010 
	Parameter INIT bound to: 64'b0000000000101010001001010010101010101010101010101010101010101010 
	Parameter INIT bound to: 64'b0000000000101010001001010010101010101010101010101010101010101010 
	Parameter INIT bound to: 64'b0000000000101010001001010010101010101010101010101010101010101010 
	Parameter INIT bound to: 64'b0000000000101010001001010010101010101010101010101010101010101010 
	Parameter INIT bound to: 64'b1111111100000000111100001111000011001100110011001010101010101010 
	Parameter INIT bound to: 64'b1111111100000000111100001111000011001100110011001010101010101010 
	Parameter INIT bound to: 64'b0110100101101001011011101000101011001100110011000000000000000000 
	Parameter INIT bound to: 64'b1011111110111100100011111000110010110011101100001000001110000000 
	Parameter INIT bound to: 64'b1111111100000000111100001111000011001100110011001010101010101010 
	Parameter INIT bound to: 64'b1111111100000000111100001111000011001100110011001010101010101010 
	Parameter INIT_A bound to: 64'b0000000000000000000000000000000000000000000000000000000000000000 
	Parameter INIT_B bound to: 64'b0000000000000000000000000000000000000000000000000000000000000000 
	Parameter INIT_C bound to: 64'b0000000000000000000000000000000000000000000000000000000000000000 
	Parameter INIT_D bound to: 64'b0000000000000000000000000000000000000000000000000000000000000000 
	Parameter INIT bound to: 64'b0110100101101001011011101000101011001100110011000000000000000000 
	Parameter INIT bound to: 64'b1111111100000000111100001111000011001100110011001010101010101010 
	Parameter INIT bound to: 64'b1111111100000000111100001111000011001100110011001010101010101010 
	Parameter INIT bound to: 64'b1111111100000000111100001111000011001100110011001010101010101010 
	Parameter INIT bound to: 64'b0110100101101001011011101000101011001100110011000000000000000000 
	Parameter INIT bound to: 64'b1111111100000000111100001111000011001100110011001010101010101010 
	Parameter INIT bound to: 64'b1111111100000000111100001111000011001100110011001010101010101010 
	Parameter INIT bound to: 64'b0110100101101001011011101000101011001100110011000000000000000000 
	Parameter INIT bound to: 64'b1111111100000000111100001111000011001100110011001010101010101010 
	Parameter INIT bound to: 64'b1111111100000000111100001111000011001100110011001010101010101010 
	Parameter INIT bound to: 64'b1111111100000000111100001111000011001100110011001010101010101010 
	Parameter INIT bound to: 64'b0110100101101001011011101000101011001100110011000000000000000000 
	Parameter INIT bound to: 64'b1111111100000000111100001111000011001100110011001010101010101010 
	Parameter INIT bound to: 64'b1111111100000000111100001111000011001100110011001010101010101010 
	Parameter INIT_A bound to: 64'b0000000000000000000000000000000000000000000000000000000000000000 
	Parameter INIT_B bound to: 64'b0000000000000000000000000000000000000000000000000000000000000000 
	Parameter INIT_C bound to: 64'b0000000000000000000000000000000000000000000000000000000000000000 
	Parameter INIT_D bound to: 64'b0000000000000000000000000000000000000000000000000000000000000000 
	Parameter INIT bound to: 64'b0110100101101001011011101000101011001100110011000000000000000000 
	Parameter INIT bound to: 64'b1111111100000000111100001111000011001100110011001010101010101010 
	Parameter INIT bound to: 64'b1111111100000000111100001111000011001100110011001010101010101010 
	Parameter INIT bound to: 64'b1111111100000000111100001111000011001100110011001010101010101010 
	Parameter INIT bound to: 64'b0110100101101001011011101000101011001100110011000000000000000000 
	Parameter INIT bound to: 64'b1111111100000000111100001111000011001100110011001010101010101010 
	Parameter INIT bound to: 64'b1111111100000000111100001111000011001100110011001010101010101010 
	Parameter INIT bound to: 64'b0110100101101001011011101000101011001100110011000000000000000000 
	Parameter INIT bound to: 64'b1111111100000000111100001111000011001100110011001010101010101010 
	Parameter INIT_A bound to: 64'b0000000000000000000000000000000000000000000000000000000000000000 
	Parameter INIT_B bound to: 64'b0000000000000000000000000000000000000000000000000000000000000000 
	Parameter INIT_C bound to: 64'b0000000000000000000000000000000000000000000000000000000000000000 
	Parameter INIT_D bound to: 64'b0000000000000000000000000000000000000000000000000000000000000000 
	Parameter INIT_A bound to: 64'b0000000000000000000000000000000000000000000000000000000000000000 
	Parameter INIT_B bound to: 64'b0000000000000000000000000000000000000000000000000000000000000000 
	Parameter INIT_C bound to: 64'b0000000000000000000000000000000000000000000000000000000000000000 
	Parameter INIT_D bound to: 64'b0000000000000000000000000000000000000000000000000000000000000000 
INFO: [Synth 8-256] done synthesizing module 'kcpsm6' (0#1) [/home/lorenzo/Desktop/Labo_3/codigo/LEDS-Picoblaze/LEDS-Picoblaze.srcs/sources_1/imports/src/kcpsm6.vhd:111]
INFO: [Synth 8-638] synthesizing module 'test' [/home/lorenzo/Desktop/Labo_3/codigo/LEDS-Picoblaze/LEDS-Picoblaze.srcs/sources_1/imports/psm/test.vhd:143]
	Parameter C_FAMILY bound to: 7S - type: string 
	Parameter C_RAM_SIZE_KWORDS bound to: 1 - type: integer 
	Parameter C_JTAG_LOADER_ENABLE bound to: 0 - type: integer 
	Parameter DOA_REG bound to: 0 - type: integer 
	Parameter DOB_REG bound to: 0 - type: integer 
	Parameter INITP_00 bound to: 256'b0000000000000000000000000000000000000000000000000000000000000000000000000000000000000000000000000000000000000000000000000000000000000000000000000000000000000000000000000000000000000000000000000000000000000000000000000000000000000000000000000000000000101000 
	Parameter INITP_01 bound to: 256'b0000000000000000000000000000000000000000000000000000000000000000000000000000000000000000000000000000000000000000000000000000000000000000000000000000000000000000000000000000000000000000000000000000000000000000000000000000000000000000000000000000000000000000 
	Parameter INITP_02 bound to: 256'b0000000000000000000000000000000000000000000000000000000000000000000000000000000000000000000000000000000000000000000000000000000000000000000000000000000000000000000000000000000000000000000000000000000000000000000000000000000000000000000000000000000000000000 
	Parameter INITP_03 bound to: 256'b0000000000000000000000000000000000000000000000000000000000000000000000000000000000000000000000000000000000000000000000000000000000000000000000000000000000000000000000000000000000000000000000000000000000000000000000000000000000000000000000000000000000000000 
	Parameter INITP_04 bound to: 256'b0000000000000000000000000000000000000000000000000000000000000000000000000000000000000000000000000000000000000000000000000000000000000000000000000000000000000000000000000000000000000000000000000000000000000000000000000000000000000000000000000000000000000000 
	Parameter INITP_05 bound to: 256'b0000000000000000000000000000000000000000000000000000000000000000000000000000000000000000000000000000000000000000000000000000000000000000000000000000000000000000000000000000000000000000000000000000000000000000000000000000000000000000000000000000000000000000 
	Parameter INITP_06 bound to: 256'b0000000000000000000000000000000000000000000000000000000000000000000000000000000000000000000000000000000000000000000000000000000000000000000000000000000000000000000000000000000000000000000000000000000000000000000000000000000000000000000000000000000000000000 
	Parameter INITP_07 bound to: 256'b0000000000000000000000000000000000000000000000000000000000000000000000000000000000000000000000000000000000000000000000000000000000000000000000000000000000000000000000000000000000000000000000000000000000000000000000000000000000000000000000000000000000000000 
	Parameter INIT_00 bound to: 256'b0000000000000000000000000000000000000000000000000000000000000000000000000000000000000000000000000000000000000000000000000000000000000000000000000000000000000000000000000000000000000000000000000000000000000000001000000000000011010000000000011001000000000000 
	Parameter INIT_01 bound to: 256'b0000000000000000000000000000000000000000000000000000000000000000000000000000000000000000000000000000000000000000000000000000000000000000000000000000000000000000000000000000000000000000000000000000000000000000000000000000000000000000000000000000000000000000 
	Parameter INIT_02 bound to: 256'b0000000000000000000000000000000000000000000000000000000000000000000000000000000000000000000000000000000000000000000000000000000000000000000000000000000000000000000000000000000000000000000000000000000000000000000000000000000000000000000000000000000000000000 
	Parameter INIT_03 bound to: 256'b0000000000000000000000000000000000000000000000000000000000000000000000000000000000000000000000000000000000000000000000000000000000000000000000000000000000000000000000000000000000000000000000000000000000000000000000000000000000000000000000000000000000000000 
	Parameter INIT_04 bound to: 256'b0000000000000000000000000000000000000000000000000000000000000000000000000000000000000000000000000000000000000000000000000000000000000000000000000000000000000000000000000000000000000000000000000000000000000000000000000000000000000000000000000000000000000000 
	Parameter INIT_05 bound to: 256'b0000000000000000000000000000000000000000000000000000000000000000000000000000000000000000000000000000000000000000000000000000000000000000000000000000000000000000000000000000000000000000000000000000000000000000000000000000000000000000000000000000000000000000 
	Parameter INIT_06 bound to: 256'b0000000000000000000000000000000000000000000000000000000000000000000000000000000000000000000000000000000000000000000000000000000000000000000000000000000000000000000000000000000000000000000000000000000000000000000000000000000000000000000000000000000000000000 
	Parameter INIT_07 bound to: 256'b0000000000000000000000000000000000000000000000000000000000000000000000000000000000000000000000000000000000000000000000000000000000000000000000000000000000000000000000000000000000000000000000000000000000000000000000000000000000000000000000000000000000000000 
	Parameter INIT_08 bound to: 256'b0000000000000000000000000000000000000000000000000000000000000000000000000000000000000000000000000000000000000000000000000000000000000000000000000000000000000000000000000000000000000000000000000000000000000000000000000000000000000000000000000000000000000000 
	Parameter INIT_09 bound to: 256'b0000000000000000000000000000000000000000000000000000000000000000000000000000000000000000000000000000000000000000000000000000000000000000000000000000000000000000000000000000000000000000000000000000000000000000000000000000000000000000000000000000000000000000 
	Parameter INIT_0A bound to: 256'b0000000000000000000000000000000000000000000000000000000000000000000000000000000000000000000000000000000000000000000000000000000000000000000000000000000000000000000000000000000000000000000000000000000000000000000000000000000000000000000000000000000000000000 
	Parameter INIT_0B bound to: 256'b0000000000000000000000000000000000000000000000000000000000000000000000000000000000000000000000000000000000000000000000000000000000000000000000000000000000000000000000000000000000000000000000000000000000000000000000000000000000000000000000000000000000000000 
	Parameter INIT_0C bound to: 256'b0000000000000000000000000000000000000000000000000000000000000000000000000000000000000000000000000000000000000000000000000000000000000000000000000000000000000000000000000000000000000000000000000000000000000000000000000000000000000000000000000000000000000000 
	Parameter INIT_0D bound to: 256'b0000000000000000000000000000000000000000000000000000000000000000000000000000000000000000000000000000000000000000000000000000000000000000000000000000000000000000000000000000000000000000000000000000000000000000000000000000000000000000000000000000000000000000 
	Parameter INIT_0E bound to: 256'b0000000000000000000000000000000000000000000000000000000000000000000000000000000000000000000000000000000000000000000000000000000000000000000000000000000000000000000000000000000000000000000000000000000000000000000000000000000000000000000000000000000000000000 
	Parameter INIT_0F bound to: 256'b0000000000000000000000000000000000000000000000000000000000000000000000000000000000000000000000000000000000000000000000000000000000000000000000000000000000000000000000000000000000000000000000000000000000000000000000000000000000000000000000000000000000000000 
	Parameter INIT_10 bound to: 256'b0000000000000000000000000000000000000000000000000000000000000000000000000000000000000000000000000000000000000000000000000000000000000000000000000000000000000000000000000000000000000000000000000000000000000000000000000000000000000000000000000000000000000000 
	Parameter INIT_11 bound to: 256'b0000000000000000000000000000000000000000000000000000000000000000000000000000000000000000000000000000000000000000000000000000000000000000000000000000000000000000000000000000000000000000000000000000000000000000000000000000000000000000000000000000000000000000 
	Parameter INIT_12 bound to: 256'b0000000000000000000000000000000000000000000000000000000000000000000000000000000000000000000000000000000000000000000000000000000000000000000000000000000000000000000000000000000000000000000000000000000000000000000000000000000000000000000000000000000000000000 
	Parameter INIT_13 bound to: 256'b0000000000000000000000000000000000000000000000000000000000000000000000000000000000000000000000000000000000000000000000000000000000000000000000000000000000000000000000000000000000000000000000000000000000000000000000000000000000000000000000000000000000000000 
	Parameter INIT_14 bound to: 256'b0000000000000000000000000000000000000000000000000000000000000000000000000000000000000000000000000000000000000000000000000000000000000000000000000000000000000000000000000000000000000000000000000000000000000000000000000000000000000000000000000000000000000000 
	Parameter INIT_15 bound to: 256'b0000000000000000000000000000000000000000000000000000000000000000000000000000000000000000000000000000000000000000000000000000000000000000000000000000000000000000000000000000000000000000000000000000000000000000000000000000000000000000000000000000000000000000 
	Parameter INIT_16 bound to: 256'b0000000000000000000000000000000000000000000000000000000000000000000000000000000000000000000000000000000000000000000000000000000000000000000000000000000000000000000000000000000000000000000000000000000000000000000000000000000000000000000000000000000000000000 
	Parameter INIT_17 bound to: 256'b0000000000000000000000000000000000000000000000000000000000000000000000000000000000000000000000000000000000000000000000000000000000000000000000000000000000000000000000000000000000000000000000000000000000000000000000000000000000000000000000000000000000000000 
	Parameter INIT_18 bound to: 256'b0000000000000000000000000000000000000000000000000000000000000000000000000000000000000000000000000000000000000000000000000000000000000000000000000000000000000000000000000000000000000000000000000000000000000000000000000000000000000000000000000000000000000000 
	Parameter INIT_19 bound to: 256'b0000000000000000000000000000000000000000000000000000000000000000000000000000000000000000000000000000000000000000000000000000000000000000000000000000000000000000000000000000000000000000000000000000000000000000000000000000000000000000000000000000000000000000 
	Parameter INIT_1A bound to: 256'b0000000000000000000000000000000000000000000000000000000000000000000000000000000000000000000000000000000000000000000000000000000000000000000000000000000000000000000000000000000000000000000000000000000000000000000000000000000000000000000000000000000000000000 
	Parameter INIT_1B bound to: 256'b0000000000000000000000000000000000000000000000000000000000000000000000000000000000000000000000000000000000000000000000000000000000000000000000000000000000000000000000000000000000000000000000000000000000000000000000000000000000000000000000000000000000000000 
	Parameter INIT_1C bound to: 256'b0000000000000000000000000000000000000000000000000000000000000000000000000000000000000000000000000000000000000000000000000000000000000000000000000000000000000000000000000000000000000000000000000000000000000000000000000000000000000000000000000000000000000000 
	Parameter INIT_1D bound to: 256'b0000000000000000000000000000000000000000000000000000000000000000000000000000000000000000000000000000000000000000000000000000000000000000000000000000000000000000000000000000000000000000000000000000000000000000000000000000000000000000000000000000000000000000 
	Parameter INIT_1E bound to: 256'b0000000000000000000000000000000000000000000000000000000000000000000000000000000000000000000000000000000000000000000000000000000000000000000000000000000000000000000000000000000000000000000000000000000000000000000000000000000000000000000000000000000000000000 
	Parameter INIT_1F bound to: 256'b0000000000000000000000000000000000000000000000000000000000000000000000000000000000000000000000000000000000000000000000000000000000000000000000000000000000000000000000000000000000000000000000000000000000000000000000000000000000000000000000000000000000000000 
	Parameter INIT_20 bound to: 256'b0000000000000000000000000000000000000000000000000000000000000000000000000000000000000000000000000000000000000000000000000000000000000000000000000000000000000000000000000000000000000000000000000000000000000000000000000000000000000000000000000000000000000000 
	Parameter INIT_21 bound to: 256'b0000000000000000000000000000000000000000000000000000000000000000000000000000000000000000000000000000000000000000000000000000000000000000000000000000000000000000000000000000000000000000000000000000000000000000000000000000000000000000000000000000000000000000 
	Parameter INIT_22 bound to: 256'b0000000000000000000000000000000000000000000000000000000000000000000000000000000000000000000000000000000000000000000000000000000000000000000000000000000000000000000000000000000000000000000000000000000000000000000000000000000000000000000000000000000000000000 
	Parameter INIT_23 bound to: 256'b0000000000000000000000000000000000000000000000000000000000000000000000000000000000000000000000000000000000000000000000000000000000000000000000000000000000000000000000000000000000000000000000000000000000000000000000000000000000000000000000000000000000000000 
	Parameter INIT_24 bound to: 256'b0000000000000000000000000000000000000000000000000000000000000000000000000000000000000000000000000000000000000000000000000000000000000000000000000000000000000000000000000000000000000000000000000000000000000000000000000000000000000000000000000000000000000000 
	Parameter INIT_25 bound to: 256'b0000000000000000000000000000000000000000000000000000000000000000000000000000000000000000000000000000000000000000000000000000000000000000000000000000000000000000000000000000000000000000000000000000000000000000000000000000000000000000000000000000000000000000 
	Parameter INIT_26 bound to: 256'b0000000000000000000000000000000000000000000000000000000000000000000000000000000000000000000000000000000000000000000000000000000000000000000000000000000000000000000000000000000000000000000000000000000000000000000000000000000000000000000000000000000000000000 
	Parameter INIT_27 bound to: 256'b0000000000000000000000000000000000000000000000000000000000000000000000000000000000000000000000000000000000000000000000000000000000000000000000000000000000000000000000000000000000000000000000000000000000000000000000000000000000000000000000000000000000000000 
	Parameter INIT_28 bound to: 256'b0000000000000000000000000000000000000000000000000000000000000000000000000000000000000000000000000000000000000000000000000000000000000000000000000000000000000000000000000000000000000000000000000000000000000000000000000000000000000000000000000000000000000000 
	Parameter INIT_29 bound to: 256'b0000000000000000000000000000000000000000000000000000000000000000000000000000000000000000000000000000000000000000000000000000000000000000000000000000000000000000000000000000000000000000000000000000000000000000000000000000000000000000000000000000000000000000 
	Parameter INIT_2A bound to: 256'b0000000000000000000000000000000000000000000000000000000000000000000000000000000000000000000000000000000000000000000000000000000000000000000000000000000000000000000000000000000000000000000000000000000000000000000000000000000000000000000000000000000000000000 
	Parameter INIT_2B bound to: 256'b0000000000000000000000000000000000000000000000000000000000000000000000000000000000000000000000000000000000000000000000000000000000000000000000000000000000000000000000000000000000000000000000000000000000000000000000000000000000000000000000000000000000000000 
	Parameter INIT_2C bound to: 256'b0000000000000000000000000000000000000000000000000000000000000000000000000000000000000000000000000000000000000000000000000000000000000000000000000000000000000000000000000000000000000000000000000000000000000000000000000000000000000000000000000000000000000000 
	Parameter INIT_2D bound to: 256'b0000000000000000000000000000000000000000000000000000000000000000000000000000000000000000000000000000000000000000000000000000000000000000000000000000000000000000000000000000000000000000000000000000000000000000000000000000000000000000000000000000000000000000 
	Parameter INIT_2E bound to: 256'b0000000000000000000000000000000000000000000000000000000000000000000000000000000000000000000000000000000000000000000000000000000000000000000000000000000000000000000000000000000000000000000000000000000000000000000000000000000000000000000000000000000000000000 
	Parameter INIT_2F bound to: 256'b0000000000000000000000000000000000000000000000000000000000000000000000000000000000000000000000000000000000000000000000000000000000000000000000000000000000000000000000000000000000000000000000000000000000000000000000000000000000000000000000000000000000000000 
	Parameter INIT_30 bound to: 256'b0000000000000000000000000000000000000000000000000000000000000000000000000000000000000000000000000000000000000000000000000000000000000000000000000000000000000000000000000000000000000000000000000000000000000000000000000000000000000000000000000000000000000000 
	Parameter INIT_31 bound to: 256'b0000000000000000000000000000000000000000000000000000000000000000000000000000000000000000000000000000000000000000000000000000000000000000000000000000000000000000000000000000000000000000000000000000000000000000000000000000000000000000000000000000000000000000 
	Parameter INIT_32 bound to: 256'b0000000000000000000000000000000000000000000000000000000000000000000000000000000000000000000000000000000000000000000000000000000000000000000000000000000000000000000000000000000000000000000000000000000000000000000000000000000000000000000000000000000000000000 
	Parameter INIT_33 bound to: 256'b0000000000000000000000000000000000000000000000000000000000000000000000000000000000000000000000000000000000000000000000000000000000000000000000000000000000000000000000000000000000000000000000000000000000000000000000000000000000000000000000000000000000000000 
	Parameter INIT_34 bound to: 256'b0000000000000000000000000000000000000000000000000000000000000000000000000000000000000000000000000000000000000000000000000000000000000000000000000000000000000000000000000000000000000000000000000000000000000000000000000000000000000000000000000000000000000000 
	Parameter INIT_35 bound to: 256'b0000000000000000000000000000000000000000000000000000000000000000000000000000000000000000000000000000000000000000000000000000000000000000000000000000000000000000000000000000000000000000000000000000000000000000000000000000000000000000000000000000000000000000 
	Parameter INIT_36 bound to: 256'b0000000000000000000000000000000000000000000000000000000000000000000000000000000000000000000000000000000000000000000000000000000000000000000000000000000000000000000000000000000000000000000000000000000000000000000000000000000000000000000000000000000000000000 
	Parameter INIT_37 bound to: 256'b0000000000000000000000000000000000000000000000000000000000000000000000000000000000000000000000000000000000000000000000000000000000000000000000000000000000000000000000000000000000000000000000000000000000000000000000000000000000000000000000000000000000000000 
	Parameter INIT_38 bound to: 256'b0000000000000000000000000000000000000000000000000000000000000000000000000000000000000000000000000000000000000000000000000000000000000000000000000000000000000000000000000000000000000000000000000000000000000000000000000000000000000000000000000000000000000000 
	Parameter INIT_39 bound to: 256'b0000000000000000000000000000000000000000000000000000000000000000000000000000000000000000000000000000000000000000000000000000000000000000000000000000000000000000000000000000000000000000000000000000000000000000000000000000000000000000000000000000000000000000 
	Parameter INIT_3A bound to: 256'b0000000000000000000000000000000000000000000000000000000000000000000000000000000000000000000000000000000000000000000000000000000000000000000000000000000000000000000000000000000000000000000000000000000000000000000000000000000000000000000000000000000000000000 
	Parameter INIT_3B bound to: 256'b0000000000000000000000000000000000000000000000000000000000000000000000000000000000000000000000000000000000000000000000000000000000000000000000000000000000000000000000000000000000000000000000000000000000000000000000000000000000000000000000000000000000000000 
	Parameter INIT_3C bound to: 256'b0000000000000000000000000000000000000000000000000000000000000000000000000000000000000000000000000000000000000000000000000000000000000000000000000000000000000000000000000000000000000000000000000000000000000000000000000000000000000000000000000000000000000000 
	Parameter INIT_3D bound to: 256'b0000000000000000000000000000000000000000000000000000000000000000000000000000000000000000000000000000000000000000000000000000000000000000000000000000000000000000000000000000000000000000000000000000000000000000000000000000000000000000000000000000000000000000 
	Parameter INIT_3E bound to: 256'b0000000000000000000000000000000000000000000000000000000000000000000000000000000000000000000000000000000000000000000000000000000000000000000000000000000000000000000000000000000000000000000000000000000000000000000000000000000000000000000000000000000000000000 
	Parameter INIT_3F bound to: 256'b0000000000000000000000000000000000000000000000000000000000000000000000000000000000000000000000000000000000000000000000000000000000000000000000000000000000000000000000000000000000000000000000000000000000000000000000000000000000000000000000000000000000000000 
	Parameter INIT_A bound to: 18'b000000000000000000 
	Parameter INIT_B bound to: 72'b000000000000000000000000000000000000000000000000000000000000000000000000 
	Parameter INIT_FILE bound to: NONE - type: string 
	Parameter RAM_MODE bound to: TDP - type: string 
	Parameter RDADDR_COLLISION_HWCONFIG bound to: DELAYED_WRITE - type: string 
	Parameter READ_WIDTH_A bound to: 18 - type: integer 
	Parameter READ_WIDTH_B bound to: 18 - type: integer 
	Parameter RSTREG_PRIORITY_A bound to: REGCE - type: string 
	Parameter RSTREG_PRIORITY_B bound to: REGCE - type: string 
	Parameter SIM_COLLISION_CHECK bound to: ALL - type: string 
	Parameter SIM_DEVICE bound to: 7SERIES - type: string 
	Parameter SRVAL_A bound to: 72'b000000000000000000000000000000000000000000000000000000000000000000000000 
	Parameter SRVAL_B bound to: 72'b000000000000000000000000000000000000000000000000000000000000000000000000 
	Parameter WRITE_MODE_A bound to: WRITE_FIRST - type: string 
	Parameter WRITE_MODE_B bound to: WRITE_FIRST - type: string 
	Parameter WRITE_WIDTH_A bound to: 18 - type: integer 
	Parameter WRITE_WIDTH_B bound to: 18 - type: integer 
INFO: [Synth 8-256] done synthesizing module 'test' (0#1) [/home/lorenzo/Desktop/Labo_3/codigo/LEDS-Picoblaze/LEDS-Picoblaze.srcs/sources_1/imports/psm/test.vhd:143]
INFO: [Synth 8-256] done synthesizing module 'picoblaze_example_top' (0#1) [/home/lorenzo/Desktop/Labo_3/codigo/LEDS-Picoblaze/LEDS-Picoblaze.srcs/sources_1/imports/src/picoblaze_example_top.vhd:32]
---------------------------------------------------------------------------------
Finished RTL Elaboration : Time (s): cpu = 00:00:05 ; elapsed = 00:00:06 . Memory (MB): peak = 2196.090 ; gain = 494.652 ; free physical = 424 ; free virtual = 5782
---------------------------------------------------------------------------------
---------------------------------------------------------------------------------
Start Handling Custom Attributes
---------------------------------------------------------------------------------
---------------------------------------------------------------------------------
Finished Handling Custom Attributes : Time (s): cpu = 00:00:05 ; elapsed = 00:00:06 . Memory (MB): peak = 2213.902 ; gain = 512.465 ; free physical = 401 ; free virtual = 5759
---------------------------------------------------------------------------------
---------------------------------------------------------------------------------
Finished RTL Optimization Phase 1 : Time (s): cpu = 00:00:05 ; elapsed = 00:00:06 . Memory (MB): peak = 2213.902 ; gain = 512.465 ; free physical = 401 ; free virtual = 5759
---------------------------------------------------------------------------------
Netlist sorting complete. Time (s): cpu = 00:00:00 ; elapsed = 00:00:00 . Memory (MB): peak = 2219.840 ; gain = 0.000 ; free physical = 387 ; free virtual = 5746
INFO: [Netlist 29-17] Analyzing 181 Unisim elements for replacement
INFO: [Netlist 29-28] Unisim Transformation completed in 0 CPU seconds
INFO: [Project 1-570] Preparing netlist for logic optimization

Processing XDC Constraints
Initializing timing engine
Parsing XDC File [/home/lorenzo/Desktop/Labo_3/codigo/LEDS-Picoblaze/LEDS-Picoblaze.srcs/constrs_1/imports/constraints/alu_fsm.xdc]
Finished Parsing XDC File [/home/lorenzo/Desktop/Labo_3/codigo/LEDS-Picoblaze/LEDS-Picoblaze.srcs/constrs_1/imports/constraints/alu_fsm.xdc]
INFO: [Project 1-236] Implementation specific constraints were found while reading constraint file [/home/lorenzo/Desktop/Labo_3/codigo/LEDS-Picoblaze/LEDS-Picoblaze.srcs/constrs_1/imports/constraints/alu_fsm.xdc]. These constraints will be ignored for synthesis but will be used in implementation. Impacted constraints are listed in the file [.Xil/picoblaze_example_top_propImpl.xdc].
Resolution: To avoid this warning, move constraints listed in [.Xil/picoblaze_example_top_propImpl.xdc] to another XDC file and exclude this new file from synthesis with the used_in_synthesis property (File Properties dialog in GUI) and re-run elaboration/synthesis.
Completed Processing XDC Constraints

Netlist sorting complete. Time (s): cpu = 00:00:00 ; elapsed = 00:00:00 . Memory (MB): peak = 2343.652 ; gain = 0.000 ; free physical = 314 ; free virtual = 5672
INFO: [Project 1-111] Unisim Transformation Summary:
  A total of 124 instances were transformed.
  FD => FDRE: 48 instances
  FDR => FDRE: 20 instances
  LUT6_2 => LUT6_2 (LUT5, LUT6): 50 instances
  RAM32M => RAM32M (RAMD32(x6), RAMS32(x2)): 4 instances
  RAM64M => RAM64M (RAMD64E(x4)): 2 instances

Constraint Validation Runtime : Time (s): cpu = 00:00:00.01 ; elapsed = 00:00:00 . Memory (MB): peak = 2343.652 ; gain = 0.000 ; free physical = 314 ; free virtual = 5672
INFO: [Designutils 20-5440] No compile time benefit to using incremental synthesis; A full resynthesis will be run
INFO: [Designutils 20-4379] Flow is switching to default flow due to incremental criteria not met. If you would like to alter this behaviour and have the flow terminate instead, please set the following parameter config_implementation {autoIncr.Synth.RejectBehavior Terminate}
---------------------------------------------------------------------------------
Finished Constraint Validation : Time (s): cpu = 00:00:11 ; elapsed = 00:00:12 . Memory (MB): peak = 2343.652 ; gain = 642.215 ; free physical = 335 ; free virtual = 5694
---------------------------------------------------------------------------------
---------------------------------------------------------------------------------
Start Loading Part and Timing Information
---------------------------------------------------------------------------------
Loading part: xc7s50csga324-1
---------------------------------------------------------------------------------
Finished Loading Part and Timing Information : Time (s): cpu = 00:00:11 ; elapsed = 00:00:12 . Memory (MB): peak = 2351.656 ; gain = 650.219 ; free physical = 335 ; free virtual = 5694
---------------------------------------------------------------------------------
---------------------------------------------------------------------------------
Start Applying 'set_property' XDC Constraints
---------------------------------------------------------------------------------
---------------------------------------------------------------------------------
Finished applying 'set_property' XDC Constraints : Time (s): cpu = 00:00:11 ; elapsed = 00:00:12 . Memory (MB): peak = 2351.656 ; gain = 650.219 ; free physical = 335 ; free virtual = 5693
---------------------------------------------------------------------------------
---------------------------------------------------------------------------------
Finished RTL Optimization Phase 2 : Time (s): cpu = 00:00:12 ; elapsed = 00:00:12 . Memory (MB): peak = 2351.656 ; gain = 650.219 ; free physical = 335 ; free virtual = 5694
---------------------------------------------------------------------------------
---------------------------------------------------------------------------------
Start RTL Component Statistics 
---------------------------------------------------------------------------------
Detailed RTL Component Info : 
+---Registers : 
	                8 Bit    Registers := 2     
---------------------------------------------------------------------------------
Finished RTL Component Statistics 
---------------------------------------------------------------------------------
---------------------------------------------------------------------------------
Start Part Resource Summary
---------------------------------------------------------------------------------
Part Resources:
DSPs: 120 (col length:60)
BRAMs: 150 (col length: RAMB18 60 RAMB36 30)
---------------------------------------------------------------------------------
Finished Part Resource Summary
---------------------------------------------------------------------------------
---------------------------------------------------------------------------------
Start Cross Boundary and Area Optimization
---------------------------------------------------------------------------------
WARNING: [Synth 8-7080] Parallel synthesis criteria is not met
WARNING: [Synth 8-3332] Sequential element (processor/sync_sleep_flop) is unused and will be removed from module picoblaze_example_top.
WARNING: [Synth 8-3332] Sequential element (processor/sync_interrupt_flop) is unused and will be removed from module picoblaze_example_top.
WARNING: [Synth 8-3332] Sequential element (processor/interrupt_ack_flop) is unused and will be removed from module picoblaze_example_top.
WARNING: [Synth 8-3332] Sequential element (processor/k_write_strobe_flop) is unused and will be removed from module picoblaze_example_top.
WARNING: [Synth 8-3332] Sequential element (processor/read_strobe_flop) is unused and will be removed from module picoblaze_example_top.
---------------------------------------------------------------------------------
Finished Cross Boundary and Area Optimization : Time (s): cpu = 00:00:13 ; elapsed = 00:00:13 . Memory (MB): peak = 2351.656 ; gain = 650.219 ; free physical = 333 ; free virtual = 5697
---------------------------------------------------------------------------------
---------------------------------------------------------------------------------
Start Applying XDC Timing Constraints
---------------------------------------------------------------------------------
---------------------------------------------------------------------------------
Finished Applying XDC Timing Constraints : Time (s): cpu = 00:00:18 ; elapsed = 00:00:18 . Memory (MB): peak = 2351.656 ; gain = 650.219 ; free physical = 347 ; free virtual = 5705
---------------------------------------------------------------------------------
---------------------------------------------------------------------------------
Start Timing Optimization
---------------------------------------------------------------------------------
---------------------------------------------------------------------------------
Finished Timing Optimization : Time (s): cpu = 00:00:18 ; elapsed = 00:00:18 . Memory (MB): peak = 2351.656 ; gain = 650.219 ; free physical = 346 ; free virtual = 5704
---------------------------------------------------------------------------------
---------------------------------------------------------------------------------
Start Technology Mapping
---------------------------------------------------------------------------------
---------------------------------------------------------------------------------
Finished Technology Mapping : Time (s): cpu = 00:00:18 ; elapsed = 00:00:18 . Memory (MB): peak = 2351.656 ; gain = 650.219 ; free physical = 347 ; free virtual = 5705
---------------------------------------------------------------------------------
---------------------------------------------------------------------------------
Start IO Insertion
---------------------------------------------------------------------------------
---------------------------------------------------------------------------------
Start Flattening Before IO Insertion
---------------------------------------------------------------------------------
---------------------------------------------------------------------------------
Finished Flattening Before IO Insertion
---------------------------------------------------------------------------------
---------------------------------------------------------------------------------
Start Final Netlist Cleanup
---------------------------------------------------------------------------------
---------------------------------------------------------------------------------
Finished Final Netlist Cleanup
---------------------------------------------------------------------------------
---------------------------------------------------------------------------------
Finished IO Insertion : Time (s): cpu = 00:00:22 ; elapsed = 00:00:22 . Memory (MB): peak = 2351.656 ; gain = 650.219 ; free physical = 346 ; free virtual = 5704
---------------------------------------------------------------------------------
---------------------------------------------------------------------------------
Start Renaming Generated Instances
---------------------------------------------------------------------------------
---------------------------------------------------------------------------------
Finished Renaming Generated Instances : Time (s): cpu = 00:00:22 ; elapsed = 00:00:22 . Memory (MB): peak = 2351.656 ; gain = 650.219 ; free physical = 346 ; free virtual = 5704
---------------------------------------------------------------------------------
---------------------------------------------------------------------------------
Start Rebuilding User Hierarchy
---------------------------------------------------------------------------------
---------------------------------------------------------------------------------
Finished Rebuilding User Hierarchy : Time (s): cpu = 00:00:22 ; elapsed = 00:00:22 . Memory (MB): peak = 2351.656 ; gain = 650.219 ; free physical = 346 ; free virtual = 5704
---------------------------------------------------------------------------------
---------------------------------------------------------------------------------
Start Renaming Generated Ports
---------------------------------------------------------------------------------
---------------------------------------------------------------------------------
Finished Renaming Generated Ports : Time (s): cpu = 00:00:22 ; elapsed = 00:00:22 . Memory (MB): peak = 2351.656 ; gain = 650.219 ; free physical = 346 ; free virtual = 5704
---------------------------------------------------------------------------------
---------------------------------------------------------------------------------
Start Handling Custom Attributes
---------------------------------------------------------------------------------
---------------------------------------------------------------------------------
Finished Handling Custom Attributes : Time (s): cpu = 00:00:22 ; elapsed = 00:00:22 . Memory (MB): peak = 2351.656 ; gain = 650.219 ; free physical = 346 ; free virtual = 5704
---------------------------------------------------------------------------------
---------------------------------------------------------------------------------
Start Renaming Generated Nets
---------------------------------------------------------------------------------
---------------------------------------------------------------------------------
Finished Renaming Generated Nets : Time (s): cpu = 00:00:22 ; elapsed = 00:00:22 . Memory (MB): peak = 2351.656 ; gain = 650.219 ; free physical = 346 ; free virtual = 5704
---------------------------------------------------------------------------------
---------------------------------------------------------------------------------
Start Writing Synthesis Report
---------------------------------------------------------------------------------

Report BlackBoxes: 
+-+--------------+----------+
| |BlackBox name |Instances |
+-+--------------+----------+
+-+--------------+----------+

Report Cell Usage: 
+------+---------+------+
|      |Cell     |Count |
+------+---------+------+
|1     |BUFG     |     1|
|2     |LUT2     |     1|
|3     |LUT6     |    79|
|5     |MUXCY    |    29|
|6     |RAM32M   |     4|
|7     |RAM64M   |     2|
|8     |RAMB18E1 |     1|
|9     |XORCY    |    27|
|10    |FD       |    45|
|11    |FDR      |    18|
|12    |FDRE     |    30|
|13    |IBUF     |    10|
|14    |OBUF     |     8|
+------+---------+------+
---------------------------------------------------------------------------------
Finished Writing Synthesis Report : Time (s): cpu = 00:00:22 ; elapsed = 00:00:22 . Memory (MB): peak = 2351.656 ; gain = 650.219 ; free physical = 346 ; free virtual = 5704
---------------------------------------------------------------------------------
Synthesis finished with 0 errors, 0 critical warnings and 6 warnings.
Synthesis Optimization Runtime : Time (s): cpu = 00:00:20 ; elapsed = 00:00:20 . Memory (MB): peak = 2351.656 ; gain = 520.469 ; free physical = 346 ; free virtual = 5704
Synthesis Optimization Complete : Time (s): cpu = 00:00:22 ; elapsed = 00:00:22 . Memory (MB): peak = 2351.664 ; gain = 650.219 ; free physical = 346 ; free virtual = 5704
INFO: [Project 1-571] Translating synthesized netlist
Netlist sorting complete. Time (s): cpu = 00:00:00 ; elapsed = 00:00:00 . Memory (MB): peak = 2351.664 ; gain = 0.000 ; free physical = 346 ; free virtual = 5704
INFO: [Netlist 29-17] Analyzing 176 Unisim elements for replacement
INFO: [Netlist 29-28] Unisim Transformation completed in 0 CPU seconds
INFO: [Project 1-570] Preparing netlist for logic optimization
INFO: [Opt 31-138] Pushed 0 inverter(s) to 0 load pin(s).
Netlist sorting complete. Time (s): cpu = 00:00:00 ; elapsed = 00:00:00 . Memory (MB): peak = 2407.684 ; gain = 0.000 ; free physical = 652 ; free virtual = 6010
INFO: [Project 1-111] Unisim Transformation Summary:
  A total of 129 instances were transformed.
  (MUXCY,XORCY) => CARRY4: 10 instances
  FD => FDRE: 45 instances
  FDR => FDRE: 18 instances
  LUT6_2 => LUT6_2 (LUT5, LUT6): 50 instances
  RAM32M => RAM32M (RAMD32(x6), RAMS32(x2)): 4 instances
  RAM64M => RAM64M (RAMD64E(x4)): 2 instances

Synth Design complete | Checksum: e78c9921
INFO: [Common 17-83] Releasing license: Synthesis
131 Infos, 6 Warnings, 0 Critical Warnings and 0 Errors encountered.
synth_design completed successfully
synth_design: Time (s): cpu = 00:00:28 ; elapsed = 00:00:26 . Memory (MB): peak = 2407.684 ; gain = 1039.121 ; free physical = 652 ; free virtual = 6010
INFO: [Common 17-2834] synth_design peak Physical Memory [PSS] (MB): overall = 1950.568; main = 1602.721; forked = 398.900
INFO: [Common 17-2834] synth_design peak Virtual Memory [VSS] (MB): overall = 3376.438; main = 2407.684; forked = 1024.781
Write ShapeDB Complete: Time (s): cpu = 00:00:00.01 ; elapsed = 00:00:00.01 . Memory (MB): peak = 2431.695 ; gain = 0.000 ; free physical = 652 ; free virtual = 6010
INFO: [Common 17-1381] The checkpoint '/home/lorenzo/Desktop/Labo_3/codigo/LEDS-Picoblaze/LEDS-Picoblaze.runs/synth_1/picoblaze_example_top.dcp' has been generated.
INFO: [Vivado 12-24828] Executing command : report_utilization -file picoblaze_example_top_utilization_synth.rpt -pb picoblaze_example_top_utilization_synth.pb
INFO: [Common 17-206] Exiting Vivado at Tue Oct  8 16:24:06 2024...
